DEB [20170923-18:39:10.336] thr=1   paramiko.transport: starting thread (client mode): 0xb75830
DEB [20170923-18:39:10.566] thr=1   paramiko.transport: Local version/idstring: SSH-2.0-paramiko_2.2.1
DEB [20170923-18:39:10.566] thr=1   paramiko.transport: Remote version/idstring: SSH-2.0-OpenSSH_5.6
INF [20170923-18:39:10.567] thr=1   paramiko.transport: Connected (version 2.0, client OpenSSH_5.6)
DEB [20170923-18:39:10.569] thr=1   paramiko.transport: kex algos:['diffie-hellman-group-exchange-sha256', 'diffie-hellman-group-exchange-sha1', 'diffie-hellman-group14-sha1', 'diffie-hellman-group1-sha1'] server key:['ssh-rsa', 'ssh-dss'] client encrypt:['aes128-ctr', 'aes192-ctr', 'aes256-ctr', '3des-cbc'] server encrypt:['aes128-ctr', 'aes192-ctr', 'aes256-ctr', '3des-cbc'] client mac:['hmac-sha1', 'hmac-sha1-96'] server mac:['hmac-sha1', 'hmac-sha1-96'] client compress:['none', 'zlib@openssh.com'] server compress:['none', 'zlib@openssh.com'] client lang:[''] server lang:[''] kex follows?False
DEB [20170923-18:39:10.569] thr=1   paramiko.transport: Kex agreed: diffie-hellman-group-exchange-sha256
DEB [20170923-18:39:10.569] thr=1   paramiko.transport: HostKey agreed: ssh-rsa
DEB [20170923-18:39:10.570] thr=1   paramiko.transport: Cipher agreed: aes128-ctr
DEB [20170923-18:39:10.570] thr=1   paramiko.transport: MAC agreed: hmac-sha1
DEB [20170923-18:39:10.570] thr=1   paramiko.transport: Compression agreed: none
DEB [20170923-18:39:10.677] thr=1   paramiko.transport: Got server p (2048 bits)
DEB [20170923-18:39:11.080] thr=1   paramiko.transport: kex engine KexGexSHA256 specified hash_algo <built-in function openssl_sha256>
DEB [20170923-18:39:11.081] thr=1   paramiko.transport: Switch to new keys ...
DEB [20170923-18:39:24.512] thr=1   paramiko.transport: userauth is OK
INF [20170923-18:39:29.521] thr=1   paramiko.transport: Auth banner: b''
DEB [20170923-18:39:29.523] thr=1   paramiko.transport: Authentication type (password) not permitted.
DEB [20170923-18:39:29.523] thr=1   paramiko.transport: Allowed methods: ['publickey', 'keyboard-interactive']
DEB [20170923-18:39:29.525] thr=1   paramiko.transport: userauth is OK
INF [20170923-18:39:29.538] thr=1   paramiko.transport: Authentication (keyboard-interactive) successful!
DEB [20170923-18:39:29.543] thr=2   paramiko.transport: [chan 0] Max packet in: 32768 bytes
DEB [20170923-18:39:29.548] thr=1   paramiko.transport: [chan 0] Max packet out: 32768 bytes
DEB [20170923-18:39:29.548] thr=1   paramiko.transport: Secsh channel 0 opened.
DEB [20170923-18:39:29.551] thr=1   paramiko.transport: [chan 0] Sesch channel 0 request ok
DEB [20170923-18:39:29.555] thr=1   paramiko.transport: [chan 0] Sesch channel 0 request ok
DEB [20170923-18:40:52.613] thr=1   paramiko.transport: EOF in transport thread
DEB [20170923-18:41:04.017] thr=1   paramiko.transport: starting thread (client mode): 0xba5830
DEB [20170923-18:41:04.250] thr=1   paramiko.transport: Local version/idstring: SSH-2.0-paramiko_2.2.1
DEB [20170923-18:41:04.250] thr=1   paramiko.transport: Remote version/idstring: SSH-2.0-OpenSSH_5.3
INF [20170923-18:41:04.250] thr=1   paramiko.transport: Connected (version 2.0, client OpenSSH_5.3)
DEB [20170923-18:41:04.255] thr=1   paramiko.transport: kex algos:['diffie-hellman-group-exchange-sha256', 'diffie-hellman-group-exchange-sha1', 'diffie-hellman-group14-sha1', 'diffie-hellman-group1-sha1'] server key:['ssh-rsa', 'ssh-dss'] client encrypt:['aes128-ctr', 'aes192-ctr', 'aes256-ctr', 'arcfour256', 'arcfour128', 'aes128-cbc', '3des-cbc', 'blowfish-cbc', 'cast128-cbc', 'aes192-cbc', 'aes256-cbc', 'arcfour', 'rijndael-cbc@lysator.liu.se'] server encrypt:['aes128-ctr', 'aes192-ctr', 'aes256-ctr', 'arcfour256', 'arcfour128', 'aes128-cbc', '3des-cbc', 'blowfish-cbc', 'cast128-cbc', 'aes192-cbc', 'aes256-cbc', 'arcfour', 'rijndael-cbc@lysator.liu.se'] client mac:['hmac-md5', 'hmac-sha1', 'umac-64@openssh.com', 'hmac-sha2-256', 'hmac-sha2-512', 'hmac-ripemd160', 'hmac-ripemd160@openssh.com', 'hmac-sha1-96', 'hmac-md5-96'] server mac:['hmac-md5', 'hmac-sha1', 'umac-64@openssh.com', 'hmac-sha2-256', 'hmac-sha2-512', 'hmac-ripemd160', 'hmac-ripemd160@openssh.com', 'hmac-sha1-96', 'hmac-md5-96'] client compress:['none', 'zlib@openssh.com'] server compress:['none', 'zlib@openssh.com'] client lang:[''] server lang:[''] kex follows?False
DEB [20170923-18:41:04.255] thr=1   paramiko.transport: Kex agreed: diffie-hellman-group-exchange-sha256
DEB [20170923-18:41:04.255] thr=1   paramiko.transport: HostKey agreed: ssh-rsa
DEB [20170923-18:41:04.255] thr=1   paramiko.transport: Cipher agreed: aes128-ctr
DEB [20170923-18:41:04.255] thr=1   paramiko.transport: MAC agreed: hmac-sha2-256
DEB [20170923-18:41:04.255] thr=1   paramiko.transport: Compression agreed: none
DEB [20170923-18:41:04.260] thr=1   paramiko.transport: Got server p (2048 bits)
DEB [20170923-18:41:04.605] thr=1   paramiko.transport: kex engine KexGexSHA256 specified hash_algo <built-in function openssl_sha256>
DEB [20170923-18:41:04.606] thr=1   paramiko.transport: Switch to new keys ...
DEB [20170923-18:41:16.169] thr=1   paramiko.transport: userauth is OK
INF [20170923-18:41:28.232] thr=1   paramiko.transport: Authentication (password) failed.
DEB [20170923-18:41:28.259] thr=1   paramiko.transport: EOF in transport thread
DEB [20170923-18:43:07.161] thr=1   paramiko.transport: starting thread (client mode): 0xa65850
DEB [20170923-18:43:07.461] thr=1   paramiko.transport: Local version/idstring: SSH-2.0-paramiko_2.2.1
DEB [20170923-18:43:07.461] thr=1   paramiko.transport: Remote version/idstring: SSH-2.0-OpenSSH_6.6.1
INF [20170923-18:43:07.462] thr=1   paramiko.transport: Connected (version 2.0, client OpenSSH_6.6.1)
DEB [20170923-18:43:07.464] thr=1   paramiko.transport: kex algos:['curve25519-sha256@libssh.org', 'ecdh-sha2-nistp256', 'ecdh-sha2-nistp384', 'ecdh-sha2-nistp521', 'diffie-hellman-group-exchange-sha256', 'diffie-hellman-group-exchange-sha1', 'diffie-hellman-group14-sha1', 'diffie-hellman-group1-sha1'] server key:['ssh-rsa', 'ssh-dss'] client encrypt:['aes128-ctr', 'aes192-ctr', 'aes256-ctr', '3des-cbc'] server encrypt:['aes128-ctr', 'aes192-ctr', 'aes256-ctr', '3des-cbc'] client mac:['hmac-sha2-256', 'hmac-sha2-512', 'hmac-sha1', 'hmac-sha1-96'] server mac:['hmac-sha2-256', 'hmac-sha2-512', 'hmac-sha1', 'hmac-sha1-96'] client compress:['none', 'zlib@openssh.com'] server compress:['none', 'zlib@openssh.com'] client lang:[''] server lang:[''] kex follows?False
DEB [20170923-18:43:07.464] thr=1   paramiko.transport: Kex agreed: ecdh-sha2-nistp256
DEB [20170923-18:43:07.464] thr=1   paramiko.transport: HostKey agreed: ssh-rsa
DEB [20170923-18:43:07.465] thr=1   paramiko.transport: Cipher agreed: aes128-ctr
DEB [20170923-18:43:07.465] thr=1   paramiko.transport: MAC agreed: hmac-sha2-256
DEB [20170923-18:43:07.465] thr=1   paramiko.transport: Compression agreed: none
DEB [20170923-18:43:07.587] thr=1   paramiko.transport: kex engine KexNistp256 specified hash_algo <built-in function openssl_sha256>
DEB [20170923-18:43:07.590] thr=1   paramiko.transport: Switch to new keys ...
DEB [20170923-18:43:16.519] thr=1   paramiko.transport: userauth is OK
DEB [20170923-18:43:16.526] thr=1   paramiko.transport: Authentication type (password) not permitted.
DEB [20170923-18:43:16.526] thr=1   paramiko.transport: Allowed methods: ['publickey', 'keyboard-interactive']
DEB [20170923-18:43:16.529] thr=1   paramiko.transport: userauth is OK
INF [20170923-18:43:18.039] thr=1   paramiko.transport: Authentication (keyboard-interactive) failed.
DEB [20170923-18:43:18.057] thr=1   paramiko.transport: EOF in transport thread
DEB [20170923-19:01:14.165] thr=1   paramiko.transport: starting thread (client mode): 0xd85870
DEB [20170923-19:01:14.201] thr=1   paramiko.transport: Local version/idstring: SSH-2.0-paramiko_2.2.1
DEB [20170923-19:01:14.211] thr=1   paramiko.transport: Remote version/idstring: SSH-2.0-OpenSSH_5.3
INF [20170923-19:01:14.211] thr=1   paramiko.transport: Connected (version 2.0, client OpenSSH_5.3)
DEB [20170923-19:01:14.213] thr=1   paramiko.transport: kex algos:['diffie-hellman-group-exchange-sha256', 'diffie-hellman-group-exchange-sha1', 'diffie-hellman-group14-sha1', 'diffie-hellman-group1-sha1'] server key:['ssh-rsa', 'ssh-dss'] client encrypt:['aes128-ctr', 'aes192-ctr', 'aes256-ctr', 'arcfour256', 'arcfour128', 'aes128-cbc', '3des-cbc', 'blowfish-cbc', 'cast128-cbc', 'aes192-cbc', 'aes256-cbc', 'arcfour', 'rijndael-cbc@lysator.liu.se'] server encrypt:['aes128-ctr', 'aes192-ctr', 'aes256-ctr', 'arcfour256', 'arcfour128', 'aes128-cbc', '3des-cbc', 'blowfish-cbc', 'cast128-cbc', 'aes192-cbc', 'aes256-cbc', 'arcfour', 'rijndael-cbc@lysator.liu.se'] client mac:['hmac-md5', 'hmac-sha1', 'umac-64@openssh.com', 'hmac-sha2-256', 'hmac-sha2-512', 'hmac-ripemd160', 'hmac-ripemd160@openssh.com', 'hmac-sha1-96', 'hmac-md5-96'] server mac:['hmac-md5', 'hmac-sha1', 'umac-64@openssh.com', 'hmac-sha2-256', 'hmac-sha2-512', 'hmac-ripemd160', 'hmac-ripemd160@openssh.com', 'hmac-sha1-96', 'hmac-md5-96'] client compress:['none', 'zlib@openssh.com'] server compress:['none', 'zlib@openssh.com'] client lang:[''] server lang:[''] kex follows?False
DEB [20170923-19:01:14.213] thr=1   paramiko.transport: Kex agreed: diffie-hellman-group-exchange-sha256
DEB [20170923-19:01:14.214] thr=1   paramiko.transport: HostKey agreed: ssh-rsa
DEB [20170923-19:01:14.214] thr=1   paramiko.transport: Cipher agreed: aes128-ctr
DEB [20170923-19:01:14.214] thr=1   paramiko.transport: MAC agreed: hmac-sha2-256
DEB [20170923-19:01:14.214] thr=1   paramiko.transport: Compression agreed: none
DEB [20170923-19:01:14.217] thr=1   paramiko.transport: Got server p (2048 bits)
DEB [20170923-19:01:14.568] thr=1   paramiko.transport: kex engine KexGexSHA256 specified hash_algo <built-in function openssl_sha256>
DEB [20170923-19:01:14.569] thr=1   paramiko.transport: Switch to new keys ...
DEB [20170923-19:01:25.480] thr=1   paramiko.transport: userauth is OK
INF [20170923-19:01:35.524] thr=1   paramiko.transport: Authentication (password) successful!
DEB [20170923-19:01:35.527] thr=2   paramiko.transport: [chan 0] Max packet in: 32768 bytes
DEB [20170923-19:01:35.528] thr=1   paramiko.transport: [chan 0] Max packet out: 32768 bytes
DEB [20170923-19:01:35.528] thr=1   paramiko.transport: Secsh channel 0 opened.
DEB [20170923-19:01:35.531] thr=1   paramiko.transport: [chan 0] Sesch channel 0 request ok
DEB [20170923-19:01:35.533] thr=1   paramiko.transport: [chan 0] Sesch channel 0 request ok
DEB [20170923-19:03:15.018] thr=1   paramiko.transport: EOF in transport thread
DEB [20170923-19:04:11.392] thr=1   paramiko.transport: starting thread (client mode): 0xb857d0
DEB [20170923-19:04:11.409] thr=1   paramiko.transport: Local version/idstring: SSH-2.0-paramiko_2.2.1
DEB [20170923-19:04:11.451] thr=1   paramiko.transport: Remote version/idstring: SSH-2.0-OpenSSH_5.3
INF [20170923-19:04:11.452] thr=1   paramiko.transport: Connected (version 2.0, client OpenSSH_5.3)
DEB [20170923-19:04:11.456] thr=1   paramiko.transport: kex algos:['diffie-hellman-group-exchange-sha256', 'diffie-hellman-group-exchange-sha1', 'diffie-hellman-group14-sha1', 'diffie-hellman-group1-sha1'] server key:['ssh-rsa', 'ssh-dss'] client encrypt:['aes128-ctr', 'aes192-ctr', 'aes256-ctr', 'arcfour256', 'arcfour128', 'aes128-cbc', '3des-cbc', 'blowfish-cbc', 'cast128-cbc', 'aes192-cbc', 'aes256-cbc', 'arcfour', 'rijndael-cbc@lysator.liu.se'] server encrypt:['aes128-ctr', 'aes192-ctr', 'aes256-ctr', 'arcfour256', 'arcfour128', 'aes128-cbc', '3des-cbc', 'blowfish-cbc', 'cast128-cbc', 'aes192-cbc', 'aes256-cbc', 'arcfour', 'rijndael-cbc@lysator.liu.se'] client mac:['hmac-md5', 'hmac-sha1', 'umac-64@openssh.com', 'hmac-sha2-256', 'hmac-sha2-512', 'hmac-ripemd160', 'hmac-ripemd160@openssh.com', 'hmac-sha1-96', 'hmac-md5-96'] server mac:['hmac-md5', 'hmac-sha1', 'umac-64@openssh.com', 'hmac-sha2-256', 'hmac-sha2-512', 'hmac-ripemd160', 'hmac-ripemd160@openssh.com', 'hmac-sha1-96', 'hmac-md5-96'] client compress:['none', 'zlib@openssh.com'] server compress:['none', 'zlib@openssh.com'] client lang:[''] server lang:[''] kex follows?False
DEB [20170923-19:04:11.457] thr=1   paramiko.transport: Kex agreed: diffie-hellman-group-exchange-sha256
DEB [20170923-19:04:11.457] thr=1   paramiko.transport: HostKey agreed: ssh-rsa
DEB [20170923-19:04:11.458] thr=1   paramiko.transport: Cipher agreed: aes128-ctr
DEB [20170923-19:04:11.458] thr=1   paramiko.transport: MAC agreed: hmac-sha2-256
DEB [20170923-19:04:11.459] thr=1   paramiko.transport: Compression agreed: none
DEB [20170923-19:04:11.463] thr=1   paramiko.transport: Got server p (2048 bits)
DEB [20170923-19:04:11.834] thr=1   paramiko.transport: kex engine KexGexSHA256 specified hash_algo <built-in function openssl_sha256>
DEB [20170923-19:04:11.835] thr=1   paramiko.transport: Switch to new keys ...
DEB [20170923-19:04:20.245] thr=1   paramiko.transport: userauth is OK
INF [20170923-19:04:30.292] thr=1   paramiko.transport: Authentication (password) successful!
DEB [20170923-19:04:30.298] thr=2   paramiko.transport: [chan 0] Max packet in: 32768 bytes
DEB [20170923-19:04:30.300] thr=1   paramiko.transport: [chan 0] Max packet out: 32768 bytes
DEB [20170923-19:04:30.300] thr=1   paramiko.transport: Secsh channel 0 opened.
DEB [20170923-19:04:30.303] thr=1   paramiko.transport: [chan 0] Sesch channel 0 request ok
DEB [20170923-19:04:30.307] thr=1   paramiko.transport: [chan 0] Sesch channel 0 request ok
